# JRE version: OpenJDK Runtime Environment Temurin-21.0.3+9 (21.0.3+9) (build 21.0.3+9-LTS)
# Java VM: OpenJDK 64-Bit Server VM Temurin-21.0.3+9 (21.0.3+9-LTS, mixed mode, tiered, compressed oops, compressed class ptrs, g1 gc, windows-amd64)
GC Precious Log:
 CardTable entry size: 512
 Card Set container configuration: InlinePtr #cards 5 size 8 Array Of Cards #cards 12 size 40 Howl #buckets 4 coarsen threshold 1843 Howl Bitmap #cards 512 size 80 coarsen threshold 460 Card regions per heap region 1 cards per card region 2048
 CPUs: 4 total, 4 available
 Memory: 7886M
 Large Page Support: Disabled
 NUMA Support: Disabled
 Compressed Oops: Enabled (32-bit)
 Heap Region Size: 1M
 Heap Min Capacity: 8M
 Heap Initial Capacity: 124M
 Heap Max Capacity: 1972M
 Pre-touch: Disabled
 Parallel Workers: 4
 Concurrent Workers: 1
 Concurrent Refinement Workers: 4
 Periodic GC: Disabled
Heap:
 garbage-first heap   total 75776K, used 60873K [0x0000000084c00000, 0x0000000100000000)
  region size 1024K, 23 young (23552K), 4 survivors (4096K)
 Metaspace       used 40287K, committed 40640K, reserved 1114112K
  class space    used 4169K, committed 4288K, reserved 1048576K
GC Heap History (20 events):
Event: 4.112 GC heap before
{Heap before GC invocations=5 (full 0):
 garbage-first heap   total 24576K, used 17556K [0x0000000084c00000, 0x0000000100000000)
  region size 1024K, 12 young (12288K), 2 survivors (2048K)
 Metaspace       used 25953K, committed 26240K, reserved 1114112K
  class space    used 2731K, committed 2880K, reserved 1048576K
}
Event: 4.119 GC heap after
{Heap after GC invocations=6 (full 0):
 garbage-first heap   total 24576K, used 8321K [0x0000000084c00000, 0x0000000100000000)
  region size 1024K, 2 young (2048K), 2 survivors (2048K)
 Metaspace       used 25953K, committed 26240K, reserved 1114112K
  class space    used 2731K, committed 2880K, reserved 1048576K
}
Event: 4.456 GC heap before
{Heap before GC invocations=6 (full 0):
 garbage-first heap   total 24576K, used 18561K [0x0000000084c00000, 0x0000000100000000)
  region size 1024K, 12 young (12288K), 2 survivors (2048K)
 Metaspace       used 27194K, committed 27456K, reserved 1114112K
  class space    used 2844K, committed 2944K, reserved 1048576K
}
Event: 4.462 GC heap after
{Heap after GC invocations=7 (full 0):
 garbage-first heap   total 24576K, used 9913K [0x0000000084c00000, 0x0000000100000000)
  region size 1024K, 2 young (2048K), 2 survivors (2048K)
 Metaspace       used 27194K, committed 27456K, reserved 1114112K
  class space    used 2844K, committed 2944K, reserved 1048576K
}
Event: 4.669 GC heap before
{Heap before GC invocations=7 (full 0):
 garbage-first heap   total 24576K, used 19129K [0x0000000084c00000, 0x0000000100000000)
  region size 1024K, 11 young (11264K), 2 survivors (2048K)
 Metaspace       used 27370K, committed 27648K, reserved 1114112K
  class space    used 2846K, committed 2944K, reserved 1048576K
}
Event: 4.675 GC heap after
{Heap after GC invocations=8 (full 0):
 garbage-first heap   total 24576K, used 11111K [0x0000000084c00000, 0x0000000100000000)
  region size 1024K, 2 young (2048K), 2 survivors (2048K)
 Metaspace       used 27370K, committed 27648K, reserved 1114112K
  class space    used 2846K, committed 2944K, reserved 1048576K
}
Event: 4.938 GC heap before
{Heap before GC invocations=8 (full 0):
 garbage-first heap   total 24576K, used 19303K [0x0000000084c00000, 0x0000000100000000)
  region size 1024K, 10 young (10240K), 2 survivors (2048K)
 Metaspace       used 27785K, committed 28032K, reserved 1114112K
  class space    used 2890K, committed 3008K, reserved 1048576K
}
Event: 4.943 GC heap after
{Heap after GC invocations=9 (full 0):
 garbage-first heap   total 75776K, used 12277K [0x0000000084c00000, 0x0000000100000000)
  region size 1024K, 2 young (2048K), 2 survivors (2048K)
 Metaspace       used 27785K, committed 28032K, reserved 1114112K
  class space    used 2890K, committed 3008K, reserved 1048576K
}
Event: 6.557 GC heap before
{Heap before GC invocations=9 (full 0):
 garbage-first heap   total 75776K, used 55285K [0x0000000084c00000, 0x0000000100000000)
  region size 1024K, 44 young (45056K), 2 survivors (2048K)
 Metaspace       used 28266K, committed 28544K, reserved 1114112K
  class space    used 2918K, committed 3008K, reserved 1048576K
}
Event: 6.569 GC heap after
{Heap after GC invocations=10 (full 0):
 garbage-first heap   total 75776K, used 16445K [0x0000000084c00000, 0x0000000100000000)
  region size 1024K, 6 young (6144K), 6 survivors (6144K)
 Metaspace       used 28266K, committed 28544K, reserved 1114112K
  class space    used 2918K, committed 3008K, reserved 1048576K
}
Event: 8.324 GC heap before
{Heap before GC invocations=10 (full 0):
 garbage-first heap   total 75776K, used 55357K [0x0000000084c00000, 0x0000000100000000)
  region size 1024K, 44 young (45056K), 6 survivors (6144K)
 Metaspace       used 29553K, committed 29824K, reserved 1114112K
  class space    used 3030K, committed 3136K, reserved 1048576K
}
Event: 8.335 GC heap after
{Heap after GC invocations=11 (full 0):
 garbage-first heap   total 75776K, used 18181K [0x0000000084c00000, 0x0000000100000000)
  region size 1024K, 3 young (3072K), 3 survivors (3072K)
 Metaspace       used 29553K, committed 29824K, reserved 1114112K
  class space    used 3030K, committed 3136K, reserved 1048576K
}
Event: 10.368 GC heap before
{Heap before GC invocations=11 (full 0):
 garbage-first heap   total 75776K, used 65285K [0x0000000084c00000, 0x0000000100000000)
  region size 1024K, 44 young (45056K), 3 survivors (3072K)
 Metaspace       used 32906K, committed 33280K, reserved 1114112K
  class space    used 3393K, committed 3584K, reserved 1048576K
}
Event: 10.382 GC heap after
{Heap after GC invocations=12 (full 0):
 garbage-first heap   total 75776K, used 27408K [0x0000000084c00000, 0x0000000100000000)
  region size 1024K, 6 young (6144K), 6 survivors (6144K)
 Metaspace       used 32906K, committed 33280K, reserved 1114112K
  class space    used 3393K, committed 3584K, reserved 1048576K
}
Event: 10.848 GC heap before
{Heap before GC invocations=12 (full 0):
 garbage-first heap   total 75776K, used 38672K [0x0000000084c00000, 0x0000000100000000)
  region size 1024K, 19 young (19456K), 6 survivors (6144K)
 Metaspace       used 35761K, committed 36096K, reserved 1114112K
  class space    used 3765K, committed 3904K, reserved 1048576K
}
Event: 10.859 GC heap after
{Heap after GC invocations=13 (full 0):
 garbage-first heap   total 75776K, used 28736K [0x0000000084c00000, 0x0000000100000000)
  region size 1024K, 2 young (2048K), 2 survivors (2048K)
 Metaspace       used 35761K, committed 36096K, reserved 1114112K
  class space    used 3765K, committed 3904K, reserved 1048576K
}
Event: 12.950 GC heap before
{Heap before GC invocations=14 (full 0):
 garbage-first heap   total 75776K, used 59456K [0x0000000084c00000, 0x0000000100000000)
  region size 1024K, 33 young (33792K), 2 survivors (2048K)
 Metaspace       used 38714K, committed 39104K, reserved 1114112K
  class space    used 4046K, committed 4224K, reserved 1048576K
}
Event: 12.961 GC heap after
{Heap after GC invocations=15 (full 0):
 garbage-first heap   total 75776K, used 37819K [0x0000000084c00000, 0x0000000100000000)
  region size 1024K, 5 young (5120K), 5 survivors (5120K)
 Metaspace       used 38714K, committed 39104K, reserved 1114112K
  class space    used 4046K, committed 4224K, reserved 1048576K
}
Event: 13.587 GC heap before
{Heap before GC invocations=15 (full 0):
 garbage-first heap   total 75776K, used 60347K [0x0000000084c00000, 0x0000000100000000)
  region size 1024K, 27 young (27648K), 5 survivors (5120K)
 Metaspace       used 39287K, committed 39616K, reserved 1114112K
  class space    used 4105K, committed 4224K, reserved 1048576K
}
Event: 13.601 GC heap after
{Heap after GC invocations=16 (full 0):
 garbage-first heap   total 75776K, used 43465K [0x0000000084c00000, 0x0000000100000000)
  region size 1024K, 4 young (4096K), 4 survivors (4096K)
 Metaspace       used 39287K, committed 39616K, reserved 1114112K
  class space    used 4105K, committed 4224K, reserved 1048576K
}

